0 verbose cli C:\Program Files\nodejs\node.exe C:\Program Files\nodejs\node_modules\npm\bin\npm-cli.js
1 info using npm@10.9.2
2 info using node@v22.14.0
3 silly config load:file:C:\Program Files\nodejs\node_modules\npm\npmrc
4 silly config load:file:C:\Users\phani\Desktop\psmedicare\.npmrc
5 silly config load:file:C:\Users\phani\.npmrc
6 silly config load:file:C:\Users\phani\AppData\Roaming\npm\etc\npmrc
7 verbose title npm install clsx lucide-react framer-motion tailwind-merge
8 verbose argv "install" "clsx" "lucide-react" "framer-motion" "tailwind-merge" "--cache" ".npm-cache"
9 verbose logfile logs-max:10 dir:C:\Users\phani\Desktop\psmedicare\.npm-cache\_logs\2026-04-28T06_45_50_805Z-
10 verbose logfile C:\Users\phani\Desktop\psmedicare\.npm-cache\_logs\2026-04-28T06_45_50_805Z-debug-0.log
11 silly logfile done cleaning log files
12 silly packumentCache heap:4345298944 maxSize:1086324736 maxEntrySize:543162368
13 silly idealTree buildDeps
14 silly fetch manifest clsx@*
15 silly packumentCache full:https://registry.npmjs.org/clsx cache-miss
16 http fetch GET 200 https://registry.npmjs.org/clsx 286ms (cache miss)
17 silly packumentCache full:https://registry.npmjs.org/clsx set size:undefined disposed:false
18 silly fetch manifest lucide-react@*
19 silly packumentCache full:https://registry.npmjs.org/lucide-react cache-miss
20 http fetch GET 200 https://registry.npmjs.org/npm 646ms
21 http fetch GET 200 https://registry.npmjs.org/lucide-react 193ms (cache miss)
22 silly packumentCache full:https://registry.npmjs.org/lucide-react set size:undefined disposed:false
23 silly fetch manifest react@19.2.4
24 silly packumentCache full:https://registry.npmjs.org/react cache-miss
25 http fetch GET 200 https://registry.npmjs.org/react 308ms (cache miss)
26 silly packumentCache full:https://registry.npmjs.org/react set size:undefined disposed:false
27 silly fetch manifest framer-motion@*
28 silly packumentCache full:https://registry.npmjs.org/framer-motion cache-miss
29 http fetch GET 200 https://registry.npmjs.org/framer-motion 218ms (cache miss)
30 silly packumentCache full:https://registry.npmjs.org/framer-motion set size:undefined disposed:false
31 silly fetch manifest @emotion/is-prop-valid@*
32 silly packumentCache full:https://registry.npmjs.org/@emotion%2fis-prop-valid cache-miss
33 http fetch GET 200 https://registry.npmjs.org/@emotion%2fis-prop-valid 103ms (cache miss)
34 silly packumentCache full:https://registry.npmjs.org/@emotion%2fis-prop-valid set size:undefined disposed:false
35 silly fetch manifest react-dom@19.2.4
36 silly packumentCache full:https://registry.npmjs.org/react-dom cache-miss
37 http fetch GET 200 https://registry.npmjs.org/react-dom 276ms (cache miss)
38 silly packumentCache full:https://registry.npmjs.org/react-dom set size:undefined disposed:false
39 silly fetch manifest tailwind-merge@*
40 silly packumentCache full:https://registry.npmjs.org/tailwind-merge cache-miss
41 http fetch GET 200 https://registry.npmjs.org/tailwind-merge 112ms (cache miss)
42 silly packumentCache full:https://registry.npmjs.org/tailwind-merge set size:undefined disposed:false
43 silly placeDep ROOT clsx@2.1.1 OK for: medicare-app@0.1.0 want: *
44 silly placeDep ROOT framer-motion@12.38.0 OK for: medicare-app@0.1.0 want: *
45 silly placeDep ROOT lucide-react@1.11.0 OK for: medicare-app@0.1.0 want: *
46 silly placeDep ROOT tailwind-merge@3.5.0 OK for: medicare-app@0.1.0 want: *
47 silly fetch manifest motion-dom@^12.38.0
48 silly packumentCache full:https://registry.npmjs.org/motion-dom cache-miss
49 silly fetch manifest motion-utils@^12.36.0
50 silly packumentCache full:https://registry.npmjs.org/motion-utils cache-miss
51 http fetch GET 200 https://registry.npmjs.org/motion-dom 68ms (cache miss)
52 silly packumentCache full:https://registry.npmjs.org/motion-dom set size:undefined disposed:false
53 http fetch GET 200 https://registry.npmjs.org/motion-utils 82ms (cache miss)
54 silly packumentCache full:https://registry.npmjs.org/motion-utils set size:undefined disposed:false
55 silly placeDep ROOT motion-dom@12.38.0 OK for: framer-motion@12.38.0 want: ^12.38.0
56 silly placeDep ROOT motion-utils@12.36.0 OK for: framer-motion@12.38.0 want: ^12.36.0
57 silly reify moves {}
58 verbose reify failed optional dependency C:\Users\phani\Desktop\psmedicare\node_modules\@tailwindcss\oxide-wasm32-wasi
59 silly reify mark deleted [
59 silly reify   'C:\\Users\\phani\\Desktop\\psmedicare\\node_modules\\@tailwindcss\\oxide-wasm32-wasi'
59 silly reify ]
60 silly audit bulk request {
60 silly audit   '@alloc/quick-lru': [ '5.2.0' ],
60 silly audit   '@babel/code-frame': [ '7.29.0' ],
60 silly audit   '@babel/compat-data': [ '7.29.0' ],
60 silly audit   '@babel/core': [ '7.29.0' ],
60 silly audit   '@babel/generator': [ '7.29.1' ],
60 silly audit   '@babel/helper-compilation-targets': [ '7.28.6' ],
60 silly audit   '@babel/helper-globals': [ '7.28.0' ],
60 silly audit   '@babel/helper-module-imports': [ '7.28.6' ],
60 silly audit   '@babel/helper-module-transforms': [ '7.28.6' ],
60 silly audit   '@babel/helper-string-parser': [ '7.27.1' ],
60 silly audit   '@babel/helper-validator-identifier': [ '7.28.5' ],
60 silly audit   '@babel/helper-validator-option': [ '7.27.1' ],
60 silly audit   '@babel/helpers': [ '7.29.2' ],
60 silly audit   '@babel/parser': [ '7.29.2' ],
60 silly audit   '@babel/template': [ '7.28.6' ],
60 silly audit   '@babel/traverse': [ '7.29.0' ],
60 silly audit   '@babel/types': [ '7.29.0' ],
60 silly audit   '@emnapi/core': [ '1.10.0' ],
60 silly audit   '@emnapi/runtime': [ '1.10.0' ],
60 silly audit   '@emnapi/wasi-threads': [ '1.2.1' ],
60 silly audit   '@eslint-community/eslint-utils': [ '4.9.1' ],
60 silly audit   'eslint-visitor-keys': [ '3.4.3', '5.0.1', '4.2.1' ],
60 silly audit   '@eslint-community/regexpp': [ '4.12.2' ],
60 silly audit   '@eslint/config-array': [ '0.21.2' ],
60 silly audit   '@eslint/config-helpers': [ '0.4.2' ],
60 silly audit   '@eslint/core': [ '0.17.0' ],
60 silly audit   '@eslint/eslintrc': [ '3.3.5' ],
60 silly audit   '@eslint/js': [ '9.39.4' ],
60 silly audit   '@eslint/object-schema': [ '2.1.7' ],
60 silly audit   '@eslint/plugin-kit': [ '0.4.1' ],
60 silly audit   '@humanfs/core': [ '0.19.2' ],
60 silly audit   '@humanfs/node': [ '0.16.8' ],
60 silly audit   '@humanfs/types': [ '0.15.0' ],
60 silly audit   '@humanwhocodes/module-importer': [ '1.0.1' ],
60 silly audit   '@humanwhocodes/retry': [ '0.4.3' ],
60 silly audit   '@img/colour': [ '1.1.0' ],
60 silly audit   '@img/sharp-darwin-arm64': [ '0.34.5' ],
60 silly audit   '@img/sharp-darwin-x64': [ '0.34.5' ],
60 silly audit   '@img/sharp-libvips-darwin-arm64': [ '1.2.4' ],
60 silly audit   '@img/sharp-libvips-darwin-x64': [ '1.2.4' ],
60 silly audit   '@img/sharp-libvips-linux-arm': [ '1.2.4' ],
60 silly audit   '@img/sharp-libvips-linux-arm64': [ '1.2.4' ],
60 silly audit   '@img/sharp-libvips-linux-ppc64': [ '1.2.4' ],
60 silly audit   '@img/sharp-libvips-linux-riscv64': [ '1.2.4' ],
60 silly audit   '@img/sharp-libvips-linux-s390x': [ '1.2.4' ],
60 silly audit   '@img/sharp-libvips-linux-x64': [ '1.2.4' ],
60 silly audit   '@img/sharp-libvips-linuxmusl-arm64': [ '1.2.4' ],
60 silly audit   '@img/sharp-libvips-linuxmusl-x64': [ '1.2.4' ],
60 silly audit   '@img/sharp-linux-arm': [ '0.34.5' ],
60 silly audit   '@img/sharp-linux-arm64': [ '0.34.5' ],
60 silly audit   '@img/sharp-linux-ppc64': [ '0.34.5' ],
60 silly audit   '@img/sharp-linux-riscv64': [ '0.34.5' ],
60 silly audit   '@img/sharp-linux-s390x': [ '0.34.5' ],
60 silly audit   '@img/sharp-linux-x64': [ '0.34.5' ],
60 silly audit   '@img/sharp-linuxmusl-arm64': [ '0.34.5' ],
60 silly audit   '@img/sharp-linuxmusl-x64': [ '0.34.5' ],
60 silly audit   '@img/sharp-wasm32': [ '0.34.5' ],
60 silly audit   '@img/sharp-win32-arm64': [ '0.34.5' ],
60 silly audit   '@img/sharp-win32-ia32': [ '0.34.5' ],
60 silly audit   '@img/sharp-win32-x64': [ '0.34.5' ],
60 silly audit   '@jridgewell/gen-mapping': [ '0.3.13' ],
60 silly audit   '@jridgewell/remapping': [ '2.3.5' ],
60 silly audit   '@jridgewell/resolve-uri': [ '3.1.2' ],
60 silly audit   '@jridgewell/sourcemap-codec': [ '1.5.5' ],
60 silly audit   '@jridgewell/trace-mapping': [ '0.3.31' ],
60 silly audit   '@napi-rs/wasm-runtime': [ '0.2.12' ],
60 silly audit   '@next/env': [ '16.2.4' ],
60 silly audit   '@next/eslint-plugin-next': [ '16.2.4' ],
60 silly audit   '@next/swc-darwin-arm64': [ '16.2.4' ],
60 silly audit   '@next/swc-darwin-x64': [ '16.2.4' ],
60 silly audit   '@next/swc-linux-arm64-gnu': [ '16.2.4' ],
60 silly audit   '@next/swc-linux-arm64-musl': [ '16.2.4' ],
60 silly audit   '@next/swc-linux-x64-gnu': [ '16.2.4' ],
60 silly audit   '@next/swc-linux-x64-musl': [ '16.2.4' ],
60 silly audit   '@next/swc-win32-arm64-msvc': [ '16.2.4' ],
60 silly audit   '@next/swc-win32-x64-msvc': [ '16.2.4' ],
60 silly audit   '@nodelib/fs.scandir': [ '2.1.5' ],
60 silly audit   '@nodelib/fs.stat': [ '2.0.5' ],
60 silly audit   '@nodelib/fs.walk': [ '1.2.8' ],
60 silly audit   '@nolyfill/is-core-module': [ '1.0.39' ],
60 silly audit   '@rtsao/scc': [ '1.1.0' ],
60 silly audit   '@swc/helpers': [ '0.5.15' ],
60 silly audit   '@tailwindcss/node': [ '4.2.4' ],
60 silly audit   '@tailwindcss/oxide': [ '4.2.4' ],
60 silly audit   '@tailwindcss/oxide-android-arm64': [ '4.2.4' ],
60 silly audit   '@tailwindcss/oxide-darwin-arm64': [ '4.2.4' ],
60 silly audit   '@tailwindcss/oxide-darwin-x64': [ '4.2.4' ],
60 silly audit   '@tailwindcss/oxide-freebsd-x64': [ '4.2.4' ],
60 silly audit   '@tailwindcss/oxide-linux-arm-gnueabihf': [ '4.2.4' ],
60 silly audit   '@tailwindcss/oxide-linux-arm64-gnu': [ '4.2.4' ],
60 silly audit   '@tailwindcss/oxide-linux-arm64-musl': [ '4.2.4' ],
60 silly audit   '@tailwindcss/oxide-linux-x64-gnu': [ '4.2.4' ],
60 silly audit   '@tailwindcss/oxide-linux-x64-musl': [ '4.2.4' ],
60 silly audit   '@tailwindcss/oxide-win32-arm64-msvc': [ '4.2.4' ],
60 silly audit   '@tailwindcss/oxide-win32-x64-msvc': [ '4.2.4' ],
60 silly audit   '@tailwindcss/postcss': [ '4.2.4' ],
60 silly audit   '@tybys/wasm-util': [ '0.10.1' ],
60 silly audit   '@types/estree': [ '1.0.8' ],
60 silly audit   '@types/json-schema': [ '7.0.15' ],
60 silly audit   '@types/json5': [ '0.0.29' ],
60 silly audit   '@types/node': [ '20.19.39' ],
60 silly audit   '@types/react': [ '19.2.14' ],
60 silly audit   '@types/react-dom': [ '19.2.3' ],
60 silly audit   '@typescript-eslint/eslint-plugin': [ '8.59.1' ],
60 silly audit   ignore: [ '7.0.5', '5.3.2' ],
60 silly audit   '@typescript-eslint/parser': [ '8.59.1' ],
60 silly audit   '@typescript-eslint/project-service': [ '8.59.1' ],
60 silly audit   '@typescript-eslint/scope-manager': [ '8.59.1' ],
60 silly audit   '@typescript-eslint/tsconfig-utils': [ '8.59.1' ],
60 silly audit   '@typescript-eslint/type-utils': [ '8.59.1' ],
60 silly audit   '@typescript-eslint/types': [ '8.59.1' ],
60 silly audit   '@typescript-eslint/typescript-estree': [ '8.59.1' ],
60 silly audit   'balanced-match': [ '4.0.4', '1.0.2' ],
60 silly audit   'brace-expansion': [ '5.0.5', '1.1.14' ],
60 silly audit   minimatch: [ '10.2.5', '3.1.5' ],
60 silly audit   semver: [ '7.7.4', '6.3.1' ],
60 silly audit   '@typescript-eslint/utils': [ '8.59.1' ],
60 silly audit   '@typescript-eslint/visitor-keys': [ '8.59.1' ],
60 silly audit   '@unrs/resolver-binding-android-arm-eabi': [ '1.11.1' ],
60 silly audit   '@unrs/resolver-binding-android-arm64': [ '1.11.1' ],
60 silly audit   '@unrs/resolver-binding-darwin-arm64': [ '1.11.1' ],
60 silly audit   '@unrs/resolver-binding-darwin-x64': [ '1.11.1' ],
60 silly audit   '@unrs/resolver-binding-freebsd-x64': [ '1.11.1' ],
60 silly audit   '@unrs/resolver-binding-linux-arm-gnueabihf': [ '1.11.1' ],
60 silly audit   '@unrs/resolver-binding-linux-arm-musleabihf': [ '1.11.1' ],
60 silly audit   '@unrs/resolver-binding-linux-arm64-gnu': [ '1.11.1' ],
60 silly audit   '@unrs/resolver-binding-linux-arm64-musl': [ '1.11.1' ],
60 silly audit   '@unrs/resolver-binding-linux-ppc64-gnu': [ '1.11.1' ],
60 silly audit   '@unrs/resolver-binding-linux-riscv64-gnu': [ '1.11.1' ],
60 silly audit   '@unrs/resolver-binding-linux-riscv64-musl': [ '1.11.1' ],
60 silly audit   '@unrs/resolver-binding-linux-s390x-gnu': [ '1.11.1' ],
60 silly audit   '@unrs/resolver-binding-linux-x64-gnu': [ '1.11.1' ],
60 silly audit   '@unrs/resolver-binding-linux-x64-musl': [ '1.11.1' ],
60 silly audit   '@unrs/resolver-binding-wasm32-wasi': [ '1.11.1' ],
60 silly audit   '@unrs/resolver-binding-win32-arm64-msvc': [ '1.11.1' ],
60 silly audit   '@unrs/resolver-binding-win32-ia32-msvc': [ '1.11.1' ],
60 silly audit   '@unrs/resolver-binding-win32-x64-msvc': [ '1.11.1' ],
60 silly audit   acorn: [ '8.16.0' ],
60 silly audit   'acorn-jsx': [ '5.3.2' ],
60 silly audit   ajv: [ '6.15.0' ],
60 silly audit   'ansi-styles': [ '4.3.0' ],
60 silly audit   argparse: [ '2.0.1' ],
60 silly audit   'aria-query': [ '5.3.2' ],
60 silly audit   'array-buffer-byte-length': [ '1.0.2' ],
60 silly audit   'array-includes': [ '3.1.9' ],
60 silly audit   'array.prototype.findlast': [ '1.2.5' ],
60 silly audit   'array.prototype.findlastindex': [ '1.2.6' ],
60 silly audit   'array.prototype.flat': [ '1.3.3' ],
60 silly audit   'array.prototype.flatmap': [ '1.3.3' ],
60 silly audit   'array.prototype.tosorted': [ '1.1.4' ],
60 silly audit   'arraybuffer.prototype.slice': [ '1.0.4' ],
60 silly audit   'ast-types-flow': [ '0.0.8' ],
60 silly audit   'async-function': [ '1.0.0' ],
60 silly audit   'available-typed-arrays': [ '1.0.7' ],
60 silly audit   'axe-core': [ '4.11.3' ],
60 silly audit   'axobject-query': [ '4.1.0' ],
60 silly audit   'baseline-browser-mapping': [ '2.10.23' ],
60 silly audit   braces: [ '3.0.3' ],
60 silly audit   browserslist: [ '4.28.2' ],
60 silly audit   'call-bind': [ '1.0.9' ],
60 silly audit   'call-bind-apply-helpers': [ '1.0.2' ],
60 silly audit   'call-bound': [ '1.0.4' ],
60 silly audit   callsites: [ '3.1.0' ],
60 silly audit   'caniuse-lite': [ '1.0.30001791' ],
60 silly audit   chalk: [ '4.1.2' ],
60 silly audit   'client-only': [ '0.0.1' ],
60 silly audit   'color-convert': [ '2.0.1' ],
60 silly audit   'color-name': [ '1.1.4' ],
60 silly audit   'concat-map': [ '0.0.1' ],
60 silly audit   'convert-source-map': [ '2.0.0' ],
60 silly audit   'cross-spawn': [ '7.0.6' ],
60 silly audit   csstype: [ '3.2.3' ],
60 silly audit   'damerau-levenshtein': [ '1.0.8' ],
60 silly audit   'data-view-buffer': [ '1.0.2' ],
60 silly audit   'data-view-byte-length': [ '1.0.2' ],
60 silly audit   'data-view-byte-offset': [ '1.0.1' ],
60 silly audit   debug: [ '4.4.3', '3.2.7' ],
60 silly audit   'deep-is': [ '0.1.4' ],
60 silly audit   'define-data-property': [ '1.1.4' ],
60 silly audit   'define-properties': [ '1.2.1' ],
60 silly audit   'detect-libc': [ '2.1.2' ],
60 silly audit   doctrine: [ '2.1.0' ],
60 silly audit   'dunder-proto': [ '1.0.1' ],
60 silly audit   'electron-to-chromium': [ '1.5.344' ],
60 silly audit   'emoji-regex': [ '9.2.2' ],
60 silly audit   'enhanced-resolve': [ '5.21.0' ],
60 silly audit   'es-abstract': [ '1.24.2' ],
60 silly audit   'es-define-property': [ '1.0.1' ],
60 silly audit   'es-errors': [ '1.3.0' ],
60 silly audit   'es-iterator-helpers': [ '1.3.2' ],
60 silly audit   'es-object-atoms': [ '1.1.1' ],
60 silly audit   'es-set-tostringtag': [ '2.1.0' ],
60 silly audit   'es-shim-unscopables': [ '1.1.0' ],
60 silly audit   'es-to-primitive': [ '1.3.0' ],
60 silly audit   escalade: [ '3.2.0' ],
60 silly audit   'escape-string-regexp': [ '4.0.0' ],
60 silly audit   eslint: [ '9.39.4' ],
60 silly audit   'eslint-config-next': [ '16.2.4' ],
60 silly audit   globals: [ '16.4.0', '14.0.0' ],
60 silly audit   'eslint-import-resolver-node': [ '0.3.10' ],
60 silly audit   'eslint-import-resolver-typescript': [ '3.10.1' ],
60 silly audit   'eslint-module-utils': [ '2.12.1' ],
60 silly audit   'eslint-plugin-import': [ '2.32.0' ],
60 silly audit   'eslint-plugin-jsx-a11y': [ '6.10.2' ],
60 silly audit   'eslint-plugin-react': [ '7.37.5' ],
60 silly audit   'eslint-plugin-react-hooks': [ '7.1.1' ],
60 silly audit   'eslint-scope': [ '8.4.0' ],
60 silly audit   espree: [ '10.4.0' ],
60 silly audit   esquery: [ '1.7.0' ],
60 silly audit   esrecurse: [ '4.3.0' ],
60 silly audit   estraverse: [ '5.3.0' ],
60 silly audit   esutils: [ '2.0.3' ],
60 silly audit   'fast-deep-equal': [ '3.1.3' ],
60 silly audit   'fast-glob': [ '3.3.1' ],
60 silly audit   'glob-parent': [ '5.1.2', '6.0.2' ],
60 silly audit   'fast-json-stable-stringify': [ '2.1.0' ],
60 silly audit   'fast-levenshtein': [ '2.0.6' ],
60 silly audit   fastq: [ '1.20.1' ],
60 silly audit   'file-entry-cache': [ '8.0.0' ],
60 silly audit   'fill-range': [ '7.1.1' ],
60 silly audit   'find-up': [ '5.0.0' ],
60 silly audit   'flat-cache': [ '4.0.1' ],
60 silly audit   flatted: [ '3.4.2' ],
60 silly audit   'for-each': [ '0.3.5' ],
60 silly audit   'function-bind': [ '1.1.2' ],
60 silly audit   'function.prototype.name': [ '1.1.8' ],
60 silly audit   'functions-have-names': [ '1.2.3' ],
60 silly audit   'generator-function': [ '2.0.1' ],
60 silly audit   gensync: [ '1.0.0-beta.2' ],
60 silly audit   'get-intrinsic': [ '1.3.0' ],
60 silly audit   'get-proto': [ '1.0.1' ],
60 silly audit   'get-symbol-description': [ '1.1.0' ],
60 silly audit   'get-tsconfig': [ '4.14.0' ],
60 silly audit   globalthis: [ '1.0.4' ],
60 silly audit   gopd: [ '1.2.0' ],
60 silly audit   'graceful-fs': [ '4.2.11' ],
60 silly audit   'has-bigints': [ '1.1.0' ],
60 silly audit   'has-flag': [ '4.0.0' ],
60 silly audit   'has-property-descriptors': [ '1.0.2' ],
60 silly audit   'has-proto': [ '1.2.0' ],
60 silly audit   'has-symbols': [ '1.1.0' ],
60 silly audit   'has-tostringtag': [ '1.0.2' ],
60 silly audit   hasown: [ '2.0.3' ],
60 silly audit   'hermes-estree': [ '0.25.1' ],
60 silly audit   'hermes-parser': [ '0.25.1' ],
60 silly audit   'import-fresh': [ '3.3.1' ],
60 silly audit   imurmurhash: [ '0.1.4' ],
60 silly audit   'internal-slot': [ '1.1.0' ],
60 silly audit   'is-array-buffer': [ '3.0.5' ],
60 silly audit   'is-async-function': [ '2.1.1' ],
60 silly audit   'is-bigint': [ '1.1.0' ],
60 silly audit   'is-boolean-object': [ '1.2.2' ],
60 silly audit   'is-bun-module': [ '2.0.0' ],
60 silly audit   'is-callable': [ '1.2.7' ],
60 silly audit   'is-core-module': [ '2.16.1' ],
60 silly audit   'is-data-view': [ '1.0.2' ],
60 silly audit   'is-date-object': [ '1.1.0' ],
60 silly audit   'is-extglob': [ '2.1.1' ],
60 silly audit   'is-finalizationregistry': [ '1.1.1' ],
60 silly audit   'is-generator-function': [ '1.1.2' ],
60 silly audit   'is-glob': [ '4.0.3' ],
60 silly audit   'is-map': [ '2.0.3' ],
60 silly audit   'is-negative-zero': [ '2.0.3' ],
60 silly audit   'is-number': [ '7.0.0' ],
60 silly audit   'is-number-object': [ '1.1.1' ],
60 silly audit   'is-regex': [ '1.2.1' ],
60 silly audit   'is-set': [ '2.0.3' ],
60 silly audit   'is-shared-array-buffer': [ '1.0.4' ],
60 silly audit   'is-string': [ '1.1.1' ],
60 silly audit   'is-symbol': [ '1.1.1' ],
60 silly audit   'is-typed-array': [ '1.1.15' ],
60 silly audit   'is-weakmap': [ '2.0.2' ],
60 silly audit   'is-weakref': [ '1.1.1' ],
60 silly audit   'is-weakset': [ '2.0.4' ],
60 silly audit   isarray: [ '2.0.5' ],
60 silly audit   isexe: [ '2.0.0' ],
60 silly audit   'iterator.prototype': [ '1.1.5' ],
60 silly audit   jiti: [ '2.6.1' ],
60 silly audit   'js-tokens': [ '4.0.0' ],
60 silly audit   'js-yaml': [ '4.1.1' ],
60 silly audit   jsesc: [ '3.1.0' ],
60 silly audit   'json-buffer': [ '3.0.1' ],
60 silly audit   'json-schema-traverse': [ '0.4.1' ],
60 silly audit   'json-stable-stringify-without-jsonify': [ '1.0.1' ],
60 silly audit   json5: [ '2.2.3', '1.0.2' ],
60 silly audit   'jsx-ast-utils': [ '3.3.5' ],
60 silly audit   keyv: [ '4.5.4' ],
60 silly audit   'language-subtag-registry': [ '0.3.23' ],
60 silly audit   'language-tags': [ '1.0.9' ],
60 silly audit   levn: [ '0.4.1' ],
60 silly audit   lightningcss: [ '1.32.0' ],
60 silly audit   'lightningcss-android-arm64': [ '1.32.0' ],
60 silly audit   'lightningcss-darwin-arm64': [ '1.32.0' ],
60 silly audit   'lightningcss-darwin-x64': [ '1.32.0' ],
60 silly audit   'lightningcss-freebsd-x64': [ '1.32.0' ],
60 silly audit   'lightningcss-linux-arm-gnueabihf': [ '1.32.0' ],
60 silly audit   'lightningcss-linux-arm64-gnu': [ '1.32.0' ],
60 silly audit   'lightningcss-linux-arm64-musl': [ '1.32.0' ],
60 silly audit   'lightningcss-linux-x64-gnu': [ '1.32.0' ],
60 silly audit   'lightningcss-linux-x64-musl': [ '1.32.0' ],
60 silly audit   'lightningcss-win32-arm64-msvc': [ '1.32.0' ],
60 silly audit   'lightningcss-win32-x64-msvc': [ '1.32.0' ],
60 silly audit   'locate-path': [ '6.0.0' ],
60 silly audit   'lodash.merge': [ '4.6.2' ],
60 silly audit   'loose-envify': [ '1.4.0' ],
60 silly audit   'lru-cache': [ '5.1.1' ],
60 silly audit   'magic-string': [ '0.30.21' ],
60 silly audit   'math-intrinsics': [ '1.1.0' ],
60 silly audit   merge2: [ '1.4.1' ],
60 silly audit   micromatch: [ '4.0.8' ],
60 silly audit   minimist: [ '1.2.8' ],
60 silly audit   ms: [ '2.1.3' ],
60 silly audit   nanoid: [ '3.3.11' ],
60 silly audit   'napi-postinstall': [ '0.3.4' ],
60 silly audit   'natural-compare': [ '1.4.0' ],
60 silly audit   next: [ '16.2.4' ],
60 silly audit   postcss: [ '8.4.31', '8.5.12' ],
60 silly audit   'node-exports-info': [ '1.6.0' ],
60 silly audit   'node-releases': [ '2.0.38' ],
60 silly audit   'object-assign': [ '4.1.1' ],
60 silly audit   'object-inspect': [ '1.13.4' ],
60 silly audit   'object-keys': [ '1.1.1' ],
60 silly audit   'object.assign': [ '4.1.7' ],
60 silly audit   'object.entries': [ '1.1.9' ],
60 silly audit   'object.fromentries': [ '2.0.8' ],
60 silly audit   'object.groupby': [ '1.0.3' ],
60 silly audit   'object.values': [ '1.2.1' ],
60 silly audit   optionator: [ '0.9.4' ],
60 silly audit   'own-keys': [ '1.0.1' ],
60 silly audit   'p-limit': [ '3.1.0' ],
60 silly audit   'p-locate': [ '5.0.0' ],
60 silly audit   'parent-module': [ '1.0.1' ],
60 silly audit   'path-exists': [ '4.0.0' ],
60 silly audit   'path-key': [ '3.1.1' ],
60 silly audit   'path-parse': [ '1.0.7' ],
60 silly audit   picocolors: [ '1.1.1' ],
60 silly audit   picomatch: [ '2.3.2', '4.0.4' ],
60 silly audit   'possible-typed-array-names': [ '1.1.0' ],
60 silly audit   'prelude-ls': [ '1.2.1' ],
60 silly audit   'prop-types': [ '15.8.1' ],
60 silly audit   punycode: [ '2.3.1' ],
60 silly audit   'queue-microtask': [ '1.2.3' ],
60 silly audit   react: [ '19.2.4' ],
60 silly audit   'react-dom': [ '19.2.4' ],
60 silly audit   'react-is': [ '16.13.1' ],
60 silly audit   'reflect.getprototypeof': [ '1.0.10' ],
60 silly audit   'regexp.prototype.flags': [ '1.5.4' ],
60 silly audit   resolve: [ '2.0.0-next.6' ],
60 silly audit   'resolve-from': [ '4.0.0' ],
60 silly audit   'resolve-pkg-maps': [ '1.0.0' ],
60 silly audit   reusify: [ '1.1.0' ],
60 silly audit   'run-parallel': [ '1.2.0' ],
60 silly audit   'safe-array-concat': [ '1.1.4' ],
60 silly audit   'safe-push-apply': [ '1.0.0' ],
60 silly audit   'safe-regex-test': [ '1.1.0' ],
60 silly audit   scheduler: [ '0.27.0' ],
60 silly audit   'set-function-length': [ '1.2.2' ],
60 silly audit   'set-function-name': [ '2.0.2' ],
60 silly audit   'set-proto': [ '1.0.0' ],
60 silly audit   sharp: [ '0.34.5' ],
60 silly audit   'shebang-command': [ '2.0.0' ],
60 silly audit   'shebang-regex': [ '3.0.0' ],
60 silly audit   'side-channel': [ '1.1.0' ],
60 silly audit   'side-channel-list': [ '1.0.1' ],
60 silly audit   'side-channel-map': [ '1.0.1' ],
60 silly audit   'side-channel-weakmap': [ '1.0.2' ],
60 silly audit   'source-map-js': [ '1.2.1' ],
60 silly audit   'stable-hash': [ '0.0.5' ],
60 silly audit   'stop-iteration-iterator': [ '1.1.0' ],
60 silly audit   'string.prototype.includes': [ '2.0.1' ],
60 silly audit   'string.prototype.matchall': [ '4.0.12' ],
60 silly audit   'string.prototype.repeat': [ '1.0.0' ],
60 silly audit   'string.prototype.trim': [ '1.2.10' ],
60 silly audit   'string.prototype.trimend': [ '1.0.9' ],
60 silly audit   'string.prototype.trimstart': [ '1.0.8' ],
60 silly audit   'strip-bom': [ '3.0.0' ],
60 silly audit   'strip-json-comments': [ '3.1.1' ],
60 silly audit   'styled-jsx': [ '5.1.6' ],
60 silly audit   'supports-color': [ '7.2.0' ],
60 silly audit   'supports-preserve-symlinks-flag': [ '1.0.0' ],
60 silly audit   tailwindcss: [ '4.2.4' ],
60 silly audit   tapable: [ '2.3.3' ],
60 silly audit   tinyglobby: [ '0.2.16' ],
60 silly audit   fdir: [ '6.5.0' ],
60 silly audit   'to-regex-range': [ '5.0.1' ],
60 silly audit   'ts-api-utils': [ '2.5.0' ],
60 silly audit   'tsconfig-paths': [ '3.15.0' ],
60 silly audit   tslib: [ '2.8.1' ],
60 silly audit   'type-check': [ '0.4.0' ],
60 silly audit   'typed-array-buffer': [ '1.0.3' ],
60 silly audit   'typed-array-byte-length': [ '1.0.3' ],
60 silly audit   'typed-array-byte-offset': [ '1.0.4' ],
60 silly audit   'typed-array-length': [ '1.0.7' ],
60 silly audit   typescript: [ '5.9.3' ],
60 silly audit   'typescript-eslint': [ '8.59.1' ],
60 silly audit   'unbox-primitive': [ '1.1.0' ],
60 silly audit   'undici-types': [ '6.21.0' ],
60 silly audit   'unrs-resolver': [ '1.11.1' ],
60 silly audit   'update-browserslist-db': [ '1.2.3' ],
60 silly audit   'uri-js': [ '4.4.1' ],
60 silly audit   which: [ '2.0.2' ],
60 silly audit   'which-boxed-primitive': [ '1.1.1' ],
60 silly audit   'which-builtin-type': [ '1.2.1' ],
60 silly audit   'which-collection': [ '1.0.2' ],
60 silly audit   'which-typed-array': [ '1.1.20' ],
60 silly audit   'word-wrap': [ '1.2.5' ],
60 silly audit   yallist: [ '3.1.1' ],
60 silly audit   'yocto-queue': [ '0.1.0' ],
60 silly audit   zod: [ '4.3.6' ],
60 silly audit   'zod-validation-error': [ '4.0.2' ],
60 silly audit   clsx: [ '2.1.1' ],
60 silly audit   'framer-motion': [ '12.38.0' ],
60 silly audit   'lucide-react': [ '1.11.0' ],
60 silly audit   'tailwind-merge': [ '3.5.0' ],
60 silly audit   'motion-dom': [ '12.38.0' ],
60 silly audit   'motion-utils': [ '12.36.0' ],
60 silly audit   '@tailwindcss/oxide-wasm32-wasi': [ '4.2.4' ]
60 silly audit }
61 verbose reify failed optional dependency C:\Users\phani\Desktop\psmedicare\node_modules\lightningcss-win32-arm64-msvc
62 silly reify mark deleted [
62 silly reify   'C:\\Users\\phani\\Desktop\\psmedicare\\node_modules\\lightningcss-win32-arm64-msvc'
62 silly reify ]
63 verbose reify failed optional dependency C:\Users\phani\Desktop\psmedicare\node_modules\lightningcss-linux-x64-musl
64 silly reify mark deleted [
64 silly reify   'C:\\Users\\phani\\Desktop\\psmedicare\\node_modules\\lightningcss-linux-x64-musl'
64 silly reify ]
65 verbose reify failed optional dependency C:\Users\phani\Desktop\psmedicare\node_modules\lightningcss-linux-x64-gnu
66 silly reify mark deleted [
66 silly reify   'C:\\Users\\phani\\Desktop\\psmedicare\\node_modules\\lightningcss-linux-x64-gnu'
66 silly reify ]
67 verbose reify failed optional dependency C:\Users\phani\Desktop\psmedicare\node_modules\lightningcss-linux-arm64-musl
68 silly reify mark deleted [
68 silly reify   'C:\\Users\\phani\\Desktop\\psmedicare\\node_modules\\lightningcss-linux-arm64-musl'
68 silly reify ]
69 verbose reify failed optional dependency C:\Users\phani\Desktop\psmedicare\node_modules\lightningcss-linux-arm64-gnu
70 silly reify mark deleted [
70 silly reify   'C:\\Users\\phani\\Desktop\\psmedicare\\node_modules\\lightningcss-linux-arm64-gnu'
70 silly reify ]
71 verbose reify failed optional dependency C:\Users\phani\Desktop\psmedicare\node_modules\lightningcss-linux-arm-gnueabihf
72 silly reify mark deleted [
72 silly reify   'C:\\Users\\phani\\Desktop\\psmedicare\\node_modules\\lightningcss-linux-arm-gnueabihf'
72 silly reify ]
73 verbose reify failed optional dependency C:\Users\phani\Desktop\psmedicare\node_modules\lightningcss-freebsd-x64
74 silly reify mark deleted [
74 silly reify   'C:\\Users\\phani\\Desktop\\psmedicare\\node_modules\\lightningcss-freebsd-x64'
74 silly reify ]
75 verbose reify failed optional dependency C:\Users\phani\Desktop\psmedicare\node_modules\lightningcss-darwin-x64
76 silly reify mark deleted [
76 silly reify   'C:\\Users\\phani\\Desktop\\psmedicare\\node_modules\\lightningcss-darwin-x64'
76 silly reify ]
77 verbose reify failed optional dependency C:\Users\phani\Desktop\psmedicare\node_modules\lightningcss-darwin-arm64
78 silly reify mark deleted [
78 silly reify   'C:\\Users\\phani\\Desktop\\psmedicare\\node_modules\\lightningcss-darwin-arm64'
78 silly reify ]
79 verbose reify failed optional dependency C:\Users\phani\Desktop\psmedicare\node_modules\lightningcss-android-arm64
80 silly reify mark deleted [
80 silly reify   'C:\\Users\\phani\\Desktop\\psmedicare\\node_modules\\lightningcss-android-arm64'
80 silly reify ]
81 verbose reify failed optional dependency C:\Users\phani\Desktop\psmedicare\node_modules\@unrs\resolver-binding-win32-ia32-msvc
82 silly reify mark deleted [
82 silly reify   'C:\\Users\\phani\\Desktop\\psmedicare\\node_modules\\@unrs\\resolver-binding-win32-ia32-msvc'
82 silly reify ]
83 verbose reify failed optional dependency C:\Users\phani\Desktop\psmedicare\node_modules\@unrs\resolver-binding-win32-arm64-msvc
84 silly reify mark deleted [
84 silly reify   'C:\\Users\\phani\\Desktop\\psmedicare\\node_modules\\@unrs\\resolver-binding-win32-arm64-msvc'
84 silly reify ]
85 verbose reify failed optional dependency C:\Users\phani\Desktop\psmedicare\node_modules\@unrs\resolver-binding-wasm32-wasi
86 silly reify mark deleted [
86 silly reify   'C:\\Users\\phani\\Desktop\\psmedicare\\node_modules\\@unrs\\resolver-binding-wasm32-wasi'
86 silly reify ]
87 verbose reify failed optional dependency C:\Users\phani\Desktop\psmedicare\node_modules\@unrs\resolver-binding-linux-x64-musl
88 silly reify mark deleted [
88 silly reify   'C:\\Users\\phani\\Desktop\\psmedicare\\node_modules\\@unrs\\resolver-binding-linux-x64-musl'
88 silly reify ]
89 verbose reify failed optional dependency C:\Users\phani\Desktop\psmedicare\node_modules\@unrs\resolver-binding-linux-x64-gnu
90 silly reify mark deleted [
90 silly reify   'C:\\Users\\phani\\Desktop\\psmedicare\\node_modules\\@unrs\\resolver-binding-linux-x64-gnu'
90 silly reify ]
91 verbose reify failed optional dependency C:\Users\phani\Desktop\psmedicare\node_modules\@unrs\resolver-binding-linux-s390x-gnu
92 silly reify mark deleted [
92 silly reify   'C:\\Users\\phani\\Desktop\\psmedicare\\node_modules\\@unrs\\resolver-binding-linux-s390x-gnu'
92 silly reify ]
93 verbose reify failed optional dependency C:\Users\phani\Desktop\psmedicare\node_modules\@unrs\resolver-binding-linux-riscv64-musl
94 silly reify mark deleted [
94 silly reify   'C:\\Users\\phani\\Desktop\\psmedicare\\node_modules\\@unrs\\resolver-binding-linux-riscv64-musl'
94 silly reify ]
95 verbose reify failed optional dependency C:\Users\phani\Desktop\psmedicare\node_modules\@unrs\resolver-binding-linux-riscv64-gnu
96 silly reify mark deleted [
96 silly reify   'C:\\Users\\phani\\Desktop\\psmedicare\\node_modules\\@unrs\\resolver-binding-linux-riscv64-gnu'
96 silly reify ]
97 verbose reify failed optional dependency C:\Users\phani\Desktop\psmedicare\node_modules\@unrs\resolver-binding-linux-ppc64-gnu
98 silly reify mark deleted [
98 silly reify   'C:\\Users\\phani\\Desktop\\psmedicare\\node_modules\\@unrs\\resolver-binding-linux-ppc64-gnu'
98 silly reify ]
99 verbose reify failed optional dependency C:\Users\phani\Desktop\psmedicare\node_modules\@unrs\resolver-binding-linux-arm64-musl
100 silly reify mark deleted [
100 silly reify   'C:\\Users\\phani\\Desktop\\psmedicare\\node_modules\\@unrs\\resolver-binding-linux-arm64-musl'
100 silly reify ]
101 verbose reify failed optional dependency C:\Users\phani\Desktop\psmedicare\node_modules\@unrs\resolver-binding-linux-arm64-gnu
102 silly reify mark deleted [
102 silly reify   'C:\\Users\\phani\\Desktop\\psmedicare\\node_modules\\@unrs\\resolver-binding-linux-arm64-gnu'
102 silly reify ]
103 verbose reify failed optional dependency C:\Users\phani\Desktop\psmedicare\node_modules\@unrs\resolver-binding-linux-arm-musleabihf
104 silly reify mark deleted [
104 silly reify   'C:\\Users\\phani\\Desktop\\psmedicare\\node_modules\\@unrs\\resolver-binding-linux-arm-musleabihf'
104 silly reify ]
105 verbose reify failed optional dependency C:\Users\phani\Desktop\psmedicare\node_modules\@unrs\resolver-binding-linux-arm-gnueabihf
106 silly reify mark deleted [
106 silly reify   'C:\\Users\\phani\\Desktop\\psmedicare\\node_modules\\@unrs\\resolver-binding-linux-arm-gnueabihf'
106 silly reify ]
107 verbose reify failed optional dependency C:\Users\phani\Desktop\psmedicare\node_modules\@unrs\resolver-binding-freebsd-x64
108 silly reify mark deleted [
108 silly reify   'C:\\Users\\phani\\Desktop\\psmedicare\\node_modules\\@unrs\\resolver-binding-freebsd-x64'
108 silly reify ]
109 verbose reify failed optional dependency C:\Users\phani\Desktop\psmedicare\node_modules\@unrs\resolver-binding-darwin-x64
110 silly reify mark deleted [
110 silly reify   'C:\\Users\\phani\\Desktop\\psmedicare\\node_modules\\@unrs\\resolver-binding-darwin-x64'
110 silly reify ]
111 verbose reify failed optional dependency C:\Users\phani\Desktop\psmedicare\node_modules\@unrs\resolver-binding-darwin-arm64
112 silly reify mark deleted [
112 silly reify   'C:\\Users\\phani\\Desktop\\psmedicare\\node_modules\\@unrs\\resolver-binding-darwin-arm64'
112 silly reify ]
113 verbose reify failed optional dependency C:\Users\phani\Desktop\psmedicare\node_modules\@unrs\resolver-binding-android-arm64
114 silly reify mark deleted [
114 silly reify   'C:\\Users\\phani\\Desktop\\psmedicare\\node_modules\\@unrs\\resolver-binding-android-arm64'
114 silly reify ]
115 verbose reify failed optional dependency C:\Users\phani\Desktop\psmedicare\node_modules\@unrs\resolver-binding-android-arm-eabi
116 silly reify mark deleted [
116 silly reify   'C:\\Users\\phani\\Desktop\\psmedicare\\node_modules\\@unrs\\resolver-binding-android-arm-eabi'
116 silly reify ]
117 verbose reify failed optional dependency C:\Users\phani\Desktop\psmedicare\node_modules\@tailwindcss\oxide-win32-arm64-msvc
118 silly reify mark deleted [
118 silly reify   'C:\\Users\\phani\\Desktop\\psmedicare\\node_modules\\@tailwindcss\\oxide-win32-arm64-msvc'
118 silly reify ]
119 verbose reify failed optional dependency C:\Users\phani\Desktop\psmedicare\node_modules\@tailwindcss\oxide-linux-x64-musl
120 silly reify mark deleted [
120 silly reify   'C:\\Users\\phani\\Desktop\\psmedicare\\node_modules\\@tailwindcss\\oxide-linux-x64-musl'
120 silly reify ]
121 verbose reify failed optional dependency C:\Users\phani\Desktop\psmedicare\node_modules\@tailwindcss\oxide-linux-x64-gnu
122 silly reify mark deleted [
122 silly reify   'C:\\Users\\phani\\Desktop\\psmedicare\\node_modules\\@tailwindcss\\oxide-linux-x64-gnu'
122 silly reify ]
123 verbose reify failed optional dependency C:\Users\phani\Desktop\psmedicare\node_modules\@tailwindcss\oxide-linux-arm64-musl
124 silly reify mark deleted [
124 silly reify   'C:\\Users\\phani\\Desktop\\psmedicare\\node_modules\\@tailwindcss\\oxide-linux-arm64-musl'
124 silly reify ]
125 verbose reify failed optional dependency C:\Users\phani\Desktop\psmedicare\node_modules\@tailwindcss\oxide-linux-arm64-gnu
126 silly reify mark deleted [
126 silly reify   'C:\\Users\\phani\\Desktop\\psmedicare\\node_modules\\@tailwindcss\\oxide-linux-arm64-gnu'
126 silly reify ]
127 verbose reify failed optional dependency C:\Users\phani\Desktop\psmedicare\node_modules\@tailwindcss\oxide-linux-arm-gnueabihf
128 silly reify mark deleted [
128 silly reify   'C:\\Users\\phani\\Desktop\\psmedicare\\node_modules\\@tailwindcss\\oxide-linux-arm-gnueabihf'
128 silly reify ]
129 verbose reify failed optional dependency C:\Users\phani\Desktop\psmedicare\node_modules\@tailwindcss\oxide-freebsd-x64
130 silly reify mark deleted [
130 silly reify   'C:\\Users\\phani\\Desktop\\psmedicare\\node_modules\\@tailwindcss\\oxide-freebsd-x64'
130 silly reify ]
131 verbose reify failed optional dependency C:\Users\phani\Desktop\psmedicare\node_modules\@tailwindcss\oxide-darwin-x64
132 silly reify mark deleted [
132 silly reify   'C:\\Users\\phani\\Desktop\\psmedicare\\node_modules\\@tailwindcss\\oxide-darwin-x64'
132 silly reify ]
133 verbose reify failed optional dependency C:\Users\phani\Desktop\psmedicare\node_modules\@tailwindcss\oxide-darwin-arm64
134 silly reify mark deleted [
134 silly reify   'C:\\Users\\phani\\Desktop\\psmedicare\\node_modules\\@tailwindcss\\oxide-darwin-arm64'
134 silly reify ]
135 verbose reify failed optional dependency C:\Users\phani\Desktop\psmedicare\node_modules\@tailwindcss\oxide-android-arm64
136 silly reify mark deleted [
136 silly reify   'C:\\Users\\phani\\Desktop\\psmedicare\\node_modules\\@tailwindcss\\oxide-android-arm64'
136 silly reify ]
137 verbose reify failed optional dependency C:\Users\phani\Desktop\psmedicare\node_modules\@next\swc-win32-arm64-msvc
138 silly reify mark deleted [
138 silly reify   'C:\\Users\\phani\\Desktop\\psmedicare\\node_modules\\@next\\swc-win32-arm64-msvc'
138 silly reify ]
139 verbose reify failed optional dependency C:\Users\phani\Desktop\psmedicare\node_modules\@next\swc-linux-x64-musl
140 silly reify mark deleted [
140 silly reify   'C:\\Users\\phani\\Desktop\\psmedicare\\node_modules\\@next\\swc-linux-x64-musl'
140 silly reify ]
141 verbose reify failed optional dependency C:\Users\phani\Desktop\psmedicare\node_modules\@next\swc-linux-x64-gnu
142 silly reify mark deleted [
142 silly reify   'C:\\Users\\phani\\Desktop\\psmedicare\\node_modules\\@next\\swc-linux-x64-gnu'
142 silly reify ]
143 verbose reify failed optional dependency C:\Users\phani\Desktop\psmedicare\node_modules\@next\swc-linux-arm64-musl
144 silly reify mark deleted [
144 silly reify   'C:\\Users\\phani\\Desktop\\psmedicare\\node_modules\\@next\\swc-linux-arm64-musl'
144 silly reify ]
145 verbose reify failed optional dependency C:\Users\phani\Desktop\psmedicare\node_modules\@next\swc-linux-arm64-gnu
146 silly reify mark deleted [
146 silly reify   'C:\\Users\\phani\\Desktop\\psmedicare\\node_modules\\@next\\swc-linux-arm64-gnu'
146 silly reify ]
147 verbose reify failed optional dependency C:\Users\phani\Desktop\psmedicare\node_modules\@next\swc-darwin-x64
148 silly reify mark deleted [
148 silly reify   'C:\\Users\\phani\\Desktop\\psmedicare\\node_modules\\@next\\swc-darwin-x64'
148 silly reify ]
149 verbose reify failed optional dependency C:\Users\phani\Desktop\psmedicare\node_modules\@next\swc-darwin-arm64
150 silly reify mark deleted [
150 silly reify   'C:\\Users\\phani\\Desktop\\psmedicare\\node_modules\\@next\\swc-darwin-arm64'
150 silly reify ]
151 verbose reify failed optional dependency C:\Users\phani\Desktop\psmedicare\node_modules\@img\sharp-win32-ia32
152 silly reify mark deleted [
152 silly reify   'C:\\Users\\phani\\Desktop\\psmedicare\\node_modules\\@img\\sharp-win32-ia32'
152 silly reify ]
153 verbose reify failed optional dependency C:\Users\phani\Desktop\psmedicare\node_modules\@img\sharp-win32-arm64
154 silly reify mark deleted [
154 silly reify   'C:\\Users\\phani\\Desktop\\psmedicare\\node_modules\\@img\\sharp-win32-arm64'
154 silly reify ]
155 verbose reify failed optional dependency C:\Users\phani\Desktop\psmedicare\node_modules\@img\sharp-wasm32
156 silly reify mark deleted [
156 silly reify   'C:\\Users\\phani\\Desktop\\psmedicare\\node_modules\\@img\\sharp-wasm32'
156 silly reify ]
157 verbose reify failed optional dependency C:\Users\phani\Desktop\psmedicare\node_modules\@img\sharp-linuxmusl-x64
158 silly reify mark deleted [
158 silly reify   'C:\\Users\\phani\\Desktop\\psmedicare\\node_modules\\@img\\sharp-linuxmusl-x64'
158 silly reify ]
159 verbose reify failed optional dependency C:\Users\phani\Desktop\psmedicare\node_modules\@img\sharp-linuxmusl-arm64
160 silly reify mark deleted [
160 silly reify   'C:\\Users\\phani\\Desktop\\psmedicare\\node_modules\\@img\\sharp-linuxmusl-arm64'
160 silly reify ]
161 verbose reify failed optional dependency C:\Users\phani\Desktop\psmedicare\node_modules\@img\sharp-linux-x64
162 silly reify mark deleted [
162 silly reify   'C:\\Users\\phani\\Desktop\\psmedicare\\node_modules\\@img\\sharp-linux-x64'
162 silly reify ]
163 verbose reify failed optional dependency C:\Users\phani\Desktop\psmedicare\node_modules\@img\sharp-linux-s390x
164 silly reify mark deleted [
164 silly reify   'C:\\Users\\phani\\Desktop\\psmedicare\\node_modules\\@img\\sharp-linux-s390x'
164 silly reify ]
165 verbose reify failed optional dependency C:\Users\phani\Desktop\psmedicare\node_modules\@img\sharp-linux-riscv64
166 silly reify mark deleted [
166 silly reify   'C:\\Users\\phani\\Desktop\\psmedicare\\node_modules\\@img\\sharp-linux-riscv64'
166 silly reify ]
167 verbose reify failed optional dependency C:\Users\phani\Desktop\psmedicare\node_modules\@img\sharp-linux-ppc64
168 silly reify mark deleted [
168 silly reify   'C:\\Users\\phani\\Desktop\\psmedicare\\node_modules\\@img\\sharp-linux-ppc64'
168 silly reify ]
169 verbose reify failed optional dependency C:\Users\phani\Desktop\psmedicare\node_modules\@img\sharp-linux-arm64
170 silly reify mark deleted [
170 silly reify   'C:\\Users\\phani\\Desktop\\psmedicare\\node_modules\\@img\\sharp-linux-arm64'
170 silly reify ]
171 verbose reify failed optional dependency C:\Users\phani\Desktop\psmedicare\node_modules\@img\sharp-linux-arm
172 silly reify mark deleted [
172 silly reify   'C:\\Users\\phani\\Desktop\\psmedicare\\node_modules\\@img\\sharp-linux-arm'
172 silly reify ]
173 verbose reify failed optional dependency C:\Users\phani\Desktop\psmedicare\node_modules\@img\sharp-libvips-linuxmusl-x64
174 silly reify mark deleted [
174 silly reify   'C:\\Users\\phani\\Desktop\\psmedicare\\node_modules\\@img\\sharp-libvips-linuxmusl-x64'
174 silly reify ]
175 verbose reify failed optional dependency C:\Users\phani\Desktop\psmedicare\node_modules\@img\sharp-libvips-linuxmusl-arm64
176 silly reify mark deleted [
176 silly reify   'C:\\Users\\phani\\Desktop\\psmedicare\\node_modules\\@img\\sharp-libvips-linuxmusl-arm64'
176 silly reify ]
177 verbose reify failed optional dependency C:\Users\phani\Desktop\psmedicare\node_modules\@img\sharp-libvips-linux-x64
178 silly reify mark deleted [
178 silly reify   'C:\\Users\\phani\\Desktop\\psmedicare\\node_modules\\@img\\sharp-libvips-linux-x64'
178 silly reify ]
179 verbose reify failed optional dependency C:\Users\phani\Desktop\psmedicare\node_modules\@img\sharp-libvips-linux-s390x
180 silly reify mark deleted [
180 silly reify   'C:\\Users\\phani\\Desktop\\psmedicare\\node_modules\\@img\\sharp-libvips-linux-s390x'
180 silly reify ]
181 verbose reify failed optional dependency C:\Users\phani\Desktop\psmedicare\node_modules\@img\sharp-libvips-linux-riscv64
182 silly reify mark deleted [
182 silly reify   'C:\\Users\\phani\\Desktop\\psmedicare\\node_modules\\@img\\sharp-libvips-linux-riscv64'
182 silly reify ]
183 verbose reify failed optional dependency C:\Users\phani\Desktop\psmedicare\node_modules\@img\sharp-libvips-linux-ppc64
184 silly reify mark deleted [
184 silly reify   'C:\\Users\\phani\\Desktop\\psmedicare\\node_modules\\@img\\sharp-libvips-linux-ppc64'
184 silly reify ]
185 verbose reify failed optional dependency C:\Users\phani\Desktop\psmedicare\node_modules\@img\sharp-libvips-linux-arm64
186 silly reify mark deleted [
186 silly reify   'C:\\Users\\phani\\Desktop\\psmedicare\\node_modules\\@img\\sharp-libvips-linux-arm64'
186 silly reify ]
187 verbose reify failed optional dependency C:\Users\phani\Desktop\psmedicare\node_modules\@img\sharp-libvips-linux-arm
188 silly reify mark deleted [
188 silly reify   'C:\\Users\\phani\\Desktop\\psmedicare\\node_modules\\@img\\sharp-libvips-linux-arm'
188 silly reify ]
189 verbose reify failed optional dependency C:\Users\phani\Desktop\psmedicare\node_modules\@img\sharp-libvips-darwin-x64
190 silly reify mark deleted [
190 silly reify   'C:\\Users\\phani\\Desktop\\psmedicare\\node_modules\\@img\\sharp-libvips-darwin-x64'
190 silly reify ]
191 verbose reify failed optional dependency C:\Users\phani\Desktop\psmedicare\node_modules\@img\sharp-libvips-darwin-arm64
192 silly reify mark deleted [
192 silly reify   'C:\\Users\\phani\\Desktop\\psmedicare\\node_modules\\@img\\sharp-libvips-darwin-arm64'
192 silly reify ]
193 verbose reify failed optional dependency C:\Users\phani\Desktop\psmedicare\node_modules\@img\sharp-darwin-x64
194 silly reify mark deleted [
194 silly reify   'C:\\Users\\phani\\Desktop\\psmedicare\\node_modules\\@img\\sharp-darwin-x64'
194 silly reify ]
195 verbose reify failed optional dependency C:\Users\phani\Desktop\psmedicare\node_modules\@img\sharp-darwin-arm64
196 silly reify mark deleted [
196 silly reify   'C:\\Users\\phani\\Desktop\\psmedicare\\node_modules\\@img\\sharp-darwin-arm64'
196 silly reify ]
197 http cache motion-utils@https://registry.npmjs.org/motion-utils/-/motion-utils-12.36.0.tgz 0ms (cache hit)
198 http cache tailwind-merge@https://registry.npmjs.org/tailwind-merge/-/tailwind-merge-3.5.0.tgz 0ms (cache hit)
199 http cache motion-dom@https://registry.npmjs.org/motion-dom/-/motion-dom-12.38.0.tgz 0ms (cache hit)
200 http cache lucide-react@https://registry.npmjs.org/lucide-react/-/lucide-react-1.11.0.tgz 0ms (cache hit)
201 silly tarball no local data for motion-utils@https://registry.npmjs.org/motion-utils/-/motion-utils-12.36.0.tgz. Extracting by manifest.
202 silly tarball no local data for tailwind-merge@https://registry.npmjs.org/tailwind-merge/-/tailwind-merge-3.5.0.tgz. Extracting by manifest.
203 silly tarball no local data for motion-dom@https://registry.npmjs.org/motion-dom/-/motion-dom-12.38.0.tgz. Extracting by manifest.
204 http cache framer-motion@https://registry.npmjs.org/framer-motion/-/framer-motion-12.38.0.tgz 0ms (cache hit)
205 silly tarball no local data for lucide-react@https://registry.npmjs.org/lucide-react/-/lucide-react-1.11.0.tgz. Extracting by manifest.
206 http cache clsx@https://registry.npmjs.org/clsx/-/clsx-2.1.1.tgz 0ms (cache hit)
207 silly tarball no local data for framer-motion@https://registry.npmjs.org/framer-motion/-/framer-motion-12.38.0.tgz. Extracting by manifest.
208 silly tarball no local data for clsx@https://registry.npmjs.org/clsx/-/clsx-2.1.1.tgz. Extracting by manifest.
209 http fetch GET 200 https://registry.npmjs.org/motion-utils/-/motion-utils-12.36.0.tgz 192ms (cache miss)
210 http fetch POST 200 https://registry.npmjs.org/-/npm/v1/security/advisories/bulk 349ms
211 silly audit report {
211 silly audit report   postcss: [
211 silly audit report     {
211 silly audit report       id: 1117015,
211 silly audit report       url: 'https://github.com/advisories/GHSA-qx2v-qp2m-jg93',
211 silly audit report       title: 'PostCSS has XSS via Unescaped </style> in its CSS Stringify Output',
211 silly audit report       severity: 'moderate',
211 silly audit report       vulnerable_versions: '<8.5.10',
211 silly audit report       cwe: [Array],
211 silly audit report       cvss: [Object]
211 silly audit report     }
211 silly audit report   ]
211 silly audit report }
212 silly packumentCache corgi:https://registry.npmjs.org/postcss cache-miss
213 http fetch GET 200 https://registry.npmjs.org/postcss 116ms (cache miss)
214 silly packumentCache corgi:https://registry.npmjs.org/postcss set size:undefined disposed:false
215 http fetch GET 200 https://registry.npmjs.org/tailwind-merge/-/tailwind-merge-3.5.0.tgz 484ms (cache miss)
216 silly packumentCache corgi:https://registry.npmjs.org/next cache-miss
217 http fetch GET 200 https://registry.npmjs.org/clsx/-/clsx-2.1.1.tgz 583ms (cache miss)
218 http fetch GET 200 https://registry.npmjs.org/next 724ms (cache miss)
219 silly packumentCache corgi:https://registry.npmjs.org/next set size:undefined disposed:false
220 http fetch GET 200 https://registry.npmjs.org/framer-motion/-/framer-motion-12.38.0.tgz 2674ms (cache miss)
221 http fetch GET 200 https://registry.npmjs.org/motion-dom/-/motion-dom-12.38.0.tgz 3154ms (cache miss)
222 http fetch GET 200 https://registry.npmjs.org/lucide-react/-/lucide-react-1.11.0.tgz 10992ms (cache miss)
223 silly ADD node_modules/motion-utils
224 silly ADD node_modules/motion-dom
225 silly ADD node_modules/tailwind-merge
226 silly ADD node_modules/lucide-react
227 silly ADD node_modules/framer-motion
228 silly ADD node_modules/clsx
229 silly ADD
230 silly ADD
231 silly ADD
232 silly ADD
233 silly ADD
234 silly ADD
235 silly ADD
236 silly ADD
237 silly ADD
238 silly ADD
239 silly ADD
240 silly ADD
241 silly ADD
242 silly ADD
243 silly ADD
244 silly ADD
245 silly ADD
246 silly ADD
247 silly ADD
248 silly ADD
249 silly ADD
250 silly ADD
251 silly ADD
252 silly ADD
253 silly ADD
254 silly ADD
255 silly ADD
256 silly ADD
257 silly ADD
258 silly ADD
259 silly ADD
260 silly ADD
261 silly ADD
262 silly ADD
263 silly ADD
264 silly ADD
265 silly ADD
266 silly ADD
267 silly ADD
268 silly ADD
269 silly ADD
270 silly ADD
271 silly ADD
272 silly ADD
273 silly ADD
274 silly ADD
275 silly ADD
276 silly ADD
277 silly ADD
278 silly ADD
279 silly ADD
280 silly ADD
281 silly ADD
282 silly ADD
283 silly ADD
284 silly ADD
285 silly ADD
286 silly ADD
287 silly ADD
288 silly ADD
289 silly ADD
290 silly ADD
291 silly ADD
292 silly ADD
293 silly ADD
294 silly ADD
295 silly ADD
296 silly ADD
297 silly ADD
298 verbose cwd C:\Users\phani\Desktop\psmedicare
299 verbose os Windows_NT 10.0.26200
300 verbose node v22.14.0
301 verbose npm  v10.9.2
302 notice
302 notice New major version of npm available! 10.9.2 -> 11.13.0
302 notice Changelog: https://github.com/npm/cli/releases/tag/v11.13.0
302 notice To update run: npm install -g npm@11.13.0
302 notice  { force: true, [Symbol(proc-log.meta)]: true }
303 verbose exit 0
304 info ok
